<?xml version="1.0" encoding="UTF-8"?>
<testng-results skipped="0" failed="0" ignored="0" total="1" passed="1">
  <reporter-output>
  </reporter-output>
  <suite name="Default suite" duration-ms="73864" started-at="2020-11-03T15:03:44Z" finished-at="2020-11-03T15:04:58Z">
    <groups>
    </groups>
    <test name="Default test" duration-ms="73864" started-at="2020-11-03T15:03:44Z" finished-at="2020-11-03T15:04:58Z">
      <class name="com.qa.test.SignUpPageTest">
        <test-method status="PASS" signature="setUp()[pri:0, instance:com.qa.test.SignUpPageTest@1a54932]" name="setUp" is-config="true" duration-ms="31426" started-at="2020-11-03T20:33:44Z" finished-at="2020-11-03T20:34:16Z">
          <reporter-output>
          </reporter-output>
        </test-method> <!-- setUp -->
        <test-method status="PASS" signature="signUpTest()[pri:0, instance:com.qa.test.SignUpPageTest@1a54932]" name="signUpTest" duration-ms="40847" started-at="2020-11-03T20:34:16Z" finished-at="2020-11-03T20:34:56Z">
          <reporter-output>
          </reporter-output>
        </test-method> <!-- signUpTest -->
        <test-method status="PASS" signature="tearDown()[pri:0, instance:com.qa.test.SignUpPageTest@1a54932]" name="tearDown" is-config="true" duration-ms="1529" started-at="2020-11-03T20:34:56Z" finished-at="2020-11-03T20:34:58Z">
          <reporter-output>
          </reporter-output>
        </test-method> <!-- tearDown -->
      </class> <!-- com.qa.test.SignUpPageTest -->
    </test> <!-- Default test -->
  </suite> <!-- Default suite -->
</testng-results>
